<?xml version="1.0" encoding="UTF-8"?>
<!-- Generated by org.testng.reporters.JUnitReportReporter -->
<testsuite hostname="FFE-Rohith-FFE143" failures="0" tests="1" name="com.fireflink.testscripts.ExecutionClass" time="9.249" errors="0" timestamp="2024-09-03T18:24:45 IST" skipped="0">
  <testcase classname="com.fireflink.testscripts.ExecutionClass" name="execution" time="9.249"/>
  <system-out>
    <![CDATA[Framework successfully executed
executionpassed]]>
  </system-out>
</testsuite> <!-- com.fireflink.testscripts.ExecutionClass -->
