<?xml version="1.0" encoding="UTF-8"?>
<!-- Generated by org.testng.reporters.JUnitReportReporter -->
<testsuite hostname="FFE-Rohith-FFE143" failures="0" tests="1" name="com.fireflink.testscripts.EndtoEnd" time="12.660" errors="0" timestamp="2024-09-03T16:40:07 IST" skipped="0">
  <testcase classname="com.fireflink.testscripts.EndtoEnd" name="EndToEnd" time="12.660"/>
  <system-out/>
</testsuite> <!-- com.fireflink.testscripts.EndtoEnd -->
